0 info it worked if it ends with ok
1 verbose cli [ '/Users/joeoravec/local/bin/node',
1 verbose cli   '/Users/joeoravec/local/bin/npm',
1 verbose cli   'publish',
1 verbose cli   './' ]
2 info using npm@1.2.3
3 info using node@v0.9.9-pre
4 verbose publish [ './' ]
5 verbose read json /Users/joeoravec/Sites/development/joeoravec/package.json
6 warn package.json joeoravec@1.0.0 No README.md file found!
7 verbose cache add [ './', null ]
8 verbose cache add name=undefined spec="./" args=["./",null]
9 verbose parsed url { protocol: null,
9 verbose parsed url   slashes: null,
9 verbose parsed url   auth: null,
9 verbose parsed url   host: null,
9 verbose parsed url   port: null,
9 verbose parsed url   hostname: null,
9 verbose parsed url   hash: null,
9 verbose parsed url   search: null,
9 verbose parsed url   query: null,
9 verbose parsed url   pathname: './',
9 verbose parsed url   path: './',
9 verbose parsed url   href: './' }
10 silly lockFile 0ee6c175- ./
11 verbose lock ./ /Users/joeoravec/.npm/0ee6c175-.lock
12 verbose read json package.json
13 verbose tar pack [ '/var/folders/m3/s8ngnxsd3td_js42sj9ljm000000gn/T/npm-2246/1448554183617-0.8692349744960666/tmp.tgz',
13 verbose tar pack   './' ]
14 verbose tarball /var/folders/m3/s8ngnxsd3td_js42sj9ljm000000gn/T/npm-2246/1448554183617-0.8692349744960666/tmp.tgz
15 verbose folder ./
16 info prepublish joeoravec@1.0.0
17 silly lockFile 464843f4-83617-0-8692349744960666-tmp-tgz /var/folders/m3/s8ngnxsd3td_js42sj9ljm000000gn/T/npm-2246/1448554183617-0.8692349744960666/tmp.tgz
18 verbose lock /var/folders/m3/s8ngnxsd3td_js42sj9ljm000000gn/T/npm-2246/1448554183617-0.8692349744960666/tmp.tgz /Users/joeoravec/.npm/464843f4-83617-0-8692349744960666-tmp-tgz.lock
19 silly lockFile 464843f4-83617-0-8692349744960666-tmp-tgz /var/folders/m3/s8ngnxsd3td_js42sj9ljm000000gn/T/npm-2246/1448554183617-0.8692349744960666/tmp.tgz
20 verbose tar unpack /var/folders/m3/s8ngnxsd3td_js42sj9ljm000000gn/T/npm-2246/1448554183617-0.8692349744960666/tmp.tgz
21 silly lockFile 824613a8-83617-0-8692349744960666-package /var/folders/m3/s8ngnxsd3td_js42sj9ljm000000gn/T/npm-2246/1448554183617-0.8692349744960666/package
22 verbose lock /var/folders/m3/s8ngnxsd3td_js42sj9ljm000000gn/T/npm-2246/1448554183617-0.8692349744960666/package /Users/joeoravec/.npm/824613a8-83617-0-8692349744960666-package.lock
23 silly gunzTarPerm modes [ '755', '644' ]
24 silly gunzTarPerm extractEntry package.json
25 silly gunzTarPerm extractEntry index.js
26 silly gunzTarPerm extractEntry info.json
27 verbose read json /var/folders/m3/s8ngnxsd3td_js42sj9ljm000000gn/T/npm-2246/1448554183617-0.8692349744960666/package/package.json
28 silly lockFile 824613a8-83617-0-8692349744960666-package /var/folders/m3/s8ngnxsd3td_js42sj9ljm000000gn/T/npm-2246/1448554183617-0.8692349744960666/package
29 verbose from cache /var/folders/m3/s8ngnxsd3td_js42sj9ljm000000gn/T/npm-2246/1448554183617-0.8692349744960666/package/package.json
30 verbose tar pack [ '/Users/joeoravec/.npm/joeoravec/1.0.0/package.tgz',
30 verbose tar pack   '/var/folders/m3/s8ngnxsd3td_js42sj9ljm000000gn/T/npm-2246/1448554183617-0.8692349744960666/package' ]
31 verbose tarball /Users/joeoravec/.npm/joeoravec/1.0.0/package.tgz
32 verbose folder /var/folders/m3/s8ngnxsd3td_js42sj9ljm000000gn/T/npm-2246/1448554183617-0.8692349744960666/package
33 silly lockFile 6af4e611--npm-joeoravec-1-0-0-package-tgz /Users/joeoravec/.npm/joeoravec/1.0.0/package.tgz
34 verbose lock /Users/joeoravec/.npm/joeoravec/1.0.0/package.tgz /Users/joeoravec/.npm/6af4e611--npm-joeoravec-1-0-0-package-tgz.lock
35 silly lockFile 6af4e611--npm-joeoravec-1-0-0-package-tgz /Users/joeoravec/.npm/joeoravec/1.0.0/package.tgz
36 silly lockFile e03d5bc1-avec-npm-joeoravec-1-0-0-package /Users/joeoravec/.npm/joeoravec/1.0.0/package
37 verbose lock /Users/joeoravec/.npm/joeoravec/1.0.0/package /Users/joeoravec/.npm/e03d5bc1-avec-npm-joeoravec-1-0-0-package.lock
38 silly lockFile e03d5bc1-avec-npm-joeoravec-1-0-0-package /Users/joeoravec/.npm/joeoravec/1.0.0/package
39 verbose tar unpack /Users/joeoravec/.npm/joeoravec/1.0.0/package.tgz
40 silly lockFile e03d5bc1-avec-npm-joeoravec-1-0-0-package /Users/joeoravec/.npm/joeoravec/1.0.0/package
41 verbose lock /Users/joeoravec/.npm/joeoravec/1.0.0/package /Users/joeoravec/.npm/e03d5bc1-avec-npm-joeoravec-1-0-0-package.lock
42 silly gunzTarPerm modes [ '755', '644' ]
43 silly gunzTarPerm extractEntry package.json
44 silly gunzTarPerm extractEntry index.js
45 silly gunzTarPerm extractEntry info.json
46 verbose read json /Users/joeoravec/.npm/joeoravec/1.0.0/package/package.json
47 silly lockFile e03d5bc1-avec-npm-joeoravec-1-0-0-package /Users/joeoravec/.npm/joeoravec/1.0.0/package
48 silly shasum updated bytes 483
49 info shasum e7e0e00359d173e84f768c230a570b7e1a5bf6d4
49 info shasum /Users/joeoravec/.npm/joeoravec/1.0.0/package.tgz
50 verbose from cache /Users/joeoravec/.npm/joeoravec/1.0.0/package/package.json
51 verbose chmod /Users/joeoravec/.npm/joeoravec/1.0.0/package.tgz 644
52 verbose chown /Users/joeoravec/.npm/joeoravec/1.0.0/package.tgz [ 501, 20 ]
53 silly lockFile 0ee6c175- ./
54 silly publish { name: 'joeoravec',
54 silly publish   version: '1.0.0',
54 silly publish   description: 'Joe Oravec contact info',
54 silly publish   main: 'index.js',
54 silly publish   scripts: { postinstall: 'cat info.json' },
54 silly publish   keywords: [ 'person', 'contact' ],
54 silly publish   author: { name: 'Joe Oravec' },
54 silly publish   license: 'ISC',
54 silly publish   _id: 'joeoravec@1.0.0',
54 silly publish   readme: 'ERROR: No README.md file found!',
54 silly publish   dist: { shasum: 'e7e0e00359d173e84f768c230a570b7e1a5bf6d4' },
54 silly publish   _from: './' }
55 error need auth auth and email required for publishing
55 error need auth You need to authorize this machine using `npm adduser`
56 error System Darwin 14.5.0
57 error command "/Users/joeoravec/local/bin/node" "/Users/joeoravec/local/bin/npm" "publish" "./"
58 error cwd /Users/joeoravec/Sites/development/joeoravec
59 error node -v v0.9.9-pre
60 error npm -v 1.2.3
61 error code ENEEDAUTH
62 verbose exit [ 1, true ]
